0 verbose cli C:\Program Files\nodejs\node.exe C:\Program Files\nodejs\node_modules\npm\bin\npm-cli.js
1 info using npm@10.2.4
2 info using node@v21.6.2
3 timing npm:load:whichnode Completed in 2ms
4 timing config:load:defaults Completed in 3ms
5 timing config:load:file:C:\Program Files\nodejs\node_modules\npm\npmrc Completed in 4ms
6 timing config:load:builtin Completed in 4ms
7 timing config:load:cli Completed in 3ms
8 timing config:load:env Completed in 0ms
9 timing config:load:file:D:\PROJECTS\PERSONAL\synapsis-challenge\.npmrc Completed in 0ms
10 timing config:load:project Completed in 2ms
11 timing config:load:file:C:\Users\gempu\.npmrc Completed in 0ms
12 timing config:load:user Completed in 0ms
13 timing config:load:file:C:\Users\gempu\AppData\Roaming\npm\etc\npmrc Completed in 0ms
14 timing config:load:global Completed in 1ms
15 timing config:load:setEnvs Completed in 1ms
16 timing config:load Completed in 15ms
17 timing npm:load:configload Completed in 15ms
18 timing config:load:flatten Completed in 3ms
19 timing npm:load:mkdirpcache Completed in 0ms
20 timing npm:load:mkdirplogs Completed in 1ms
21 verbose title npm run eslint node_modules/.cache/eslint
22 verbose argv "run" "eslint" "--cache" "--cache-location" "node_modules/.cache/eslint" "--fix"
23 timing npm:load:setTitle Completed in 1ms
24 timing npm:load:display Completed in 0ms
25 verbose logfile logs-max:10 dir:D:\PROJECTS\PERSONAL\synapsis-challenge\--cache-location\_logs\2024-12-20T20_50_52_768Z-
26 verbose logfile D:\PROJECTS\PERSONAL\synapsis-challenge\--cache-location\_logs\2024-12-20T20_50_52_768Z-debug-0.log
27 timing npm:load:logFile Completed in 11ms
28 timing npm:load:timers Completed in 0ms
29 timing npm:load:configScope Completed in 1ms
30 timing npm:load Completed in 65ms
31 silly logfile done cleaning log files
32 timing command:run Completed in 249ms
33 verbose stack Error: Missing script: "eslint"
33 verbose stack
33 verbose stack Did you mean this?
33 verbose stack     npm run lint # run the "lint" package script
33 verbose stack
33 verbose stack To see a list of scripts, run:
33 verbose stack   npm run
33 verbose stack     at RunScript.run (C:\Program Files\nodejs\node_modules\npm\lib\commands\run-script.js:94:13)
33 verbose stack     at async module.exports (C:\Program Files\nodejs\node_modules\npm\lib\cli-entry.js:61:5)
34 verbose cwd D:\PROJECTS\PERSONAL\synapsis-challenge
35 verbose Windows_NT 10.0.22631
36 verbose node v21.6.2
37 verbose npm  v10.2.4
38 error Missing script: "eslint"
38 error
38 error Did you mean this?
38 error     npm run lint # run the "lint" package script
38 error
38 error To see a list of scripts, run:
38 error   npm run
39 verbose exit 1
40 timing npm Completed in 398ms
41 verbose code 1
42 error A complete log of this run can be found in: D:\PROJECTS\PERSONAL\synapsis-challenge\--cache-location\_logs\2024-12-20T20_50_52_768Z-debug-0.log
